<?xml version="1.0" encoding="UTF-8"?>
<!-- Generated by org.testng.reporters.JUnitReportReporter -->
<testsuite skipped="0" hostname="hp-HP" name="BasicAnnotation.Module2" tests="2" failures="0" timestamp="03 Mar 2019 07:12:22 GMT" time="0.028" errors="0">
  <testcase name="test2" time="0.011" classname="BasicAnnotation.Module2"/>
  <testcase name="test1" time="0.017" classname="BasicAnnotation.Module2"/>
</testsuite> <!-- BasicAnnotation.Module2 -->
