<?xml version="1.0" encoding="UTF-8"?>
<!-- Generated by org.testng.reporters.JUnitReportReporter -->
<testsuite skipped="0" hostname="hp-HP" name="BasicAnnotation.testin1" tests="2" failures="0" timestamp="03 Mar 2019 07:01:08 GMT" time="0.024" errors="0">
  <testcase name="test1" time="0.015" classname="BasicAnnotation.testin1"/>
  <testcase name="test2" time="0.009" classname="BasicAnnotation.testin1"/>
</testsuite> <!-- BasicAnnotation.testin1 -->
